[INFO] Scanning for projects...
Downloading from central: https://repo.maven.apache.org/maven2/io/github/git-commit-id/maven-metadata.xml
Downloading from central: https://repo.maven.apache.org/maven2/org/springframework/boot/maven-metadata.xml
Downloading from central: https://repo.maven.apache.org/maven2/org/flywaydb/maven-metadata.xml
Downloading from central: https://repo.maven.apache.org/maven2/org/jooq/maven-metadata.xml
Progress (1): 398 BProgress (2): 398 B | 255 BProgress (3): 398 B | 255 B | 234 B                                   Downloaded from central: https://repo.maven.apache.org/maven2/org/jooq/maven-metadata.xml (398 B at 134 B/s)
Downloaded from central: https://repo.maven.apache.org/maven2/org/flywaydb/maven-metadata.xml (234 B at 79 B/s)
Downloaded from central: https://repo.maven.apache.org/maven2/io/github/git-commit-id/maven-metadata.xml (255 B at 86 B/s)
Downloading from central: https://repo.maven.apache.org/maven2/org/jetbrains/kotlin/maven-metadata.xml
Downloading from central: https://repo.maven.apache.org/maven2/org/graalvm/buildtools/maven-metadata.xml
Downloading from central: https://repo.maven.apache.org/maven2/org/liquibase/maven-metadata.xml
Progress (1): 242 BProgress (2): 242 B | 375 BProgress (3): 242 B | 375 B | 243 B                                   Downloaded from central: https://repo.maven.apache.org/maven2/org/jetbrains/kotlin/maven-metadata.xml (375 B at 594 B/s)
Downloaded from central: https://repo.maven.apache.org/maven2/org/graalvm/buildtools/maven-metadata.xml (242 B at 382 B/s)
Downloaded from central: https://repo.maven.apache.org/maven2/org/liquibase/maven-metadata.xml (243 B at 384 B/s)
Downloading from central: https://repo.maven.apache.org/maven2/org/apache/maven/plugins/maven-metadata.xml
Downloading from central: https://repo.maven.apache.org/maven2/org/codehaus/mojo/maven-metadata.xml
Progress (1): 4.7 kBProgress (1): 8.2 kBProgress (1): 14 kB Progress (2): 14 kB | 3.1 kBProgress (2): 14 kB | 7.7 kB                            Downloaded from central: https://repo.maven.apache.org/maven2/org/apache/maven/plugins/maven-metadata.xml (14 kB at 9.3 kB/s)
Progress (1): 12 kBProgress (1): 17 kBProgress (1): 20 kBProgress (1): 21 kBProgress (2): 21 kB | 249 B                           Downloaded from central: https://repo.maven.apache.org/maven2/org/codehaus/mojo/maven-metadata.xml (21 kB at 8.8 kB/s)
Downloaded from central: https://repo.maven.apache.org/maven2/org/springframework/boot/maven-metadata.xml (249 B at 41 B/s)
[INFO] 
[INFO] -------------------------< com.mouadh:backend >-------------------------
[INFO] Building ecommerce-recipe-backend 0.0.1-SNAPSHOT
[INFO]   from pom.xml
[INFO] --------------------------------[ jar ]---------------------------------
[INFO] 
[INFO] >>> spring-boot:3.2.2:run (default-cli) > test-compile @ backend >>>
[INFO] 
[INFO] --- resources:3.3.1:resources (default-resources) @ backend ---
[INFO] Copying 1 resource from src/main/resources to target/classes
[INFO] Copying 0 resource from src/main/resources to target/classes
[INFO] 
[INFO] --- compiler:3.11.0:compile (default-compile) @ backend ---
[INFO] Changes detected - recompiling the module! :source
[INFO] Compiling 58 source files with javac [debug release 17] to target/classes
[INFO] Annotation processing is enabled because one or more processors were found
  on the class path. A future release of javac may disable annotation processing
  unless at least one processor is specified by name (-processor), or a search
  path is specified (--processor-path, --processor-module-path), or annotation
  processing is enabled explicitly (-proc:only, -proc:full).
  Use -Xlint:-options to suppress this message.
  Use -proc:none to disable annotation processing.
[INFO] 
[INFO] --- resources:3.3.1:testResources (default-testResources) @ backend ---
[INFO] skip non existing resourceDirectory /home/mouadh/Desktop/ecommerce-recipe-platform/backend/src/test/resources
[INFO] 
[INFO] --- compiler:3.11.0:testCompile (default-testCompile) @ backend ---
[INFO] Changes detected - recompiling the module! :dependency
[INFO] Compiling 1 source file with javac [debug release 17] to target/test-classes
[INFO] Annotation processing is enabled because one or more processors were found
  on the class path. A future release of javac may disable annotation processing
  unless at least one processor is specified by name (-processor), or a search
  path is specified (--processor-path, --processor-module-path), or annotation
  processing is enabled explicitly (-proc:only, -proc:full).
  Use -Xlint:-options to suppress this message.
  Use -proc:none to disable annotation processing.
[INFO] 
[INFO] <<< spring-boot:3.2.2:run (default-cli) < test-compile @ backend <<<
[INFO] 
[INFO] 
[INFO] --- spring-boot:3.2.2:run (default-cli) @ backend ---
[INFO] Attaching agents: []

  .   ____          _            __ _ _
 /\\ / ___'_ __ _ _(_)_ __  __ _ \ \ \ \
( ( )\___ | '_ | '_| | '_ \/ _` | \ \ \ \
 \\/  ___)| |_)| | | | | || (_| |  ) ) ) )
  '  |____| .__|_| |_|_| |_\__, | / / / /
 =========|_|==============|___/=/_/_/_/
 :: Spring Boot ::                (v3.2.2)

2026-01-30T00:01:07.048+01:00  INFO 89586 --- [backend] [           main] com.mouadh.backend.BackendApplication    : Starting BackendApplication using Java 21.0.10-ea with PID 89586 (/home/mouadh/Desktop/ecommerce-recipe-platform/backend/target/classes started by mouadh in /home/mouadh/Desktop/ecommerce-recipe-platform/backend)
2026-01-30T00:01:07.050+01:00  INFO 89586 --- [backend] [           main] com.mouadh.backend.BackendApplication    : No active profile set, falling back to 1 default profile: "default"
2026-01-30T00:01:07.463+01:00  INFO 89586 --- [backend] [           main] .s.d.r.c.RepositoryConfigurationDelegate : Bootstrapping Spring Data MongoDB repositories in DEFAULT mode.
2026-01-30T00:01:07.516+01:00  INFO 89586 --- [backend] [           main] .s.d.r.c.RepositoryConfigurationDelegate : Finished Spring Data repository scanning in 50 ms. Found 8 MongoDB repository interfaces.
2026-01-30T00:01:07.859+01:00  INFO 89586 --- [backend] [           main] o.s.b.w.embedded.tomcat.TomcatWebServer  : Tomcat initialized with port 8080 (http)
2026-01-30T00:01:07.868+01:00  INFO 89586 --- [backend] [           main] o.apache.catalina.core.StandardService   : Starting service [Tomcat]
2026-01-30T00:01:07.869+01:00  INFO 89586 --- [backend] [           main] o.apache.catalina.core.StandardEngine    : Starting Servlet engine: [Apache Tomcat/10.1.18]
2026-01-30T00:01:07.906+01:00  INFO 89586 --- [backend] [           main] o.a.c.c.C.[Tomcat].[localhost].[/]       : Initializing Spring embedded WebApplicationContext
2026-01-30T00:01:07.907+01:00  INFO 89586 --- [backend] [           main] w.s.c.ServletWebServerApplicationContext : Root WebApplicationContext: initialization completed in 829 ms
2026-01-30T00:01:08.066+01:00  INFO 89586 --- [backend] [           main] org.mongodb.driver.client                : MongoClient with metadata {"driver": {"name": "mongo-java-driver|sync|spring-boot", "version": "4.11.1"}, "os": {"type": "Linux", "name": "Linux", "architecture": "amd64", "version": "6.17.10+kali-amd64"}, "platform": "Java/Debian/21.0.10-ea+4-Debian-1"} created with settings MongoClientSettings{readPreference=primary, writeConcern=WriteConcern{w=null, wTimeout=null ms, journal=null}, retryWrites=true, retryReads=true, readConcern=ReadConcern{level=null}, credential=null, transportSettings=null, streamFactoryFactory=null, commandListeners=[], codecRegistry=ProvidersCodecRegistry{codecProviders=[ValueCodecProvider{}, BsonValueCodecProvider{}, DBRefCodecProvider{}, DBObjectCodecProvider{}, DocumentCodecProvider{}, CollectionCodecProvider{}, IterableCodecProvider{}, MapCodecProvider{}, GeoJsonCodecProvider{}, GridFSFileCodecProvider{}, Jsr310CodecProvider{}, JsonObjectCodecProvider{}, BsonCodecProvider{}, EnumCodecProvider{}, com.mongodb.client.model.mql.ExpressionCodecProvider@4978777f, com.mongodb.Jep395RecordCodecProvider@7bc6935c, com.mongodb.KotlinCodecProvider@67bd351e]}, loggerSettings=LoggerSettings{maxDocumentLength=1000}, clusterSettings={hosts=[localhost:27017], srvServiceName=mongodb, mode=SINGLE, requiredClusterType=UNKNOWN, requiredReplicaSetName='null', serverSelector='null', clusterListeners='[]', serverSelectionTimeout='30000 ms', localThreshold='15 ms'}, socketSettings=SocketSettings{connectTimeoutMS=10000, readTimeoutMS=0, receiveBufferSize=0, proxySettings=ProxySettings{host=null, port=null, username=null, password=null}}, heartbeatSocketSettings=SocketSettings{connectTimeoutMS=10000, readTimeoutMS=10000, receiveBufferSize=0, proxySettings=ProxySettings{host=null, port=null, username=null, password=null}}, connectionPoolSettings=ConnectionPoolSettings{maxSize=100, minSize=0, maxWaitTimeMS=120000, maxConnectionLifeTimeMS=0, maxConnectionIdleTimeMS=0, maintenanceInitialDelayMS=0, maintenanceFrequencyMS=60000, connectionPoolListeners=[], maxConnecting=2}, serverSettings=ServerSettings{heartbeatFrequencyMS=10000, minHeartbeatFrequencyMS=500, serverListeners='[]', serverMonitorListeners='[]'}, sslSettings=SslSettings{enabled=false, invalidHostNameAllowed=false, context=null}, applicationName='null', compressorList=[], uuidRepresentation=JAVA_LEGACY, serverApi=null, autoEncryptionSettings=null, dnsClient=null, inetAddressResolver=null, contextProvider=null}
2026-01-30T00:01:08.090+01:00  INFO 89586 --- [backend] [localhost:27017] org.mongodb.driver.cluster               : Monitor thread successfully connected to server with description ServerDescription{address=localhost:27017, type=STANDALONE, state=CONNECTED, ok=true, minWireVersion=0, maxWireVersion=21, maxDocumentSize=16777216, logicalSessionTimeoutMinutes=30, roundTripTimeNanos=18344827}
2026-01-30T00:01:08.669+01:00  INFO 89586 --- [backend] [           main] o.s.s.web.DefaultSecurityFilterChain     : Will secure any request with [org.springframework.security.web.session.DisableEncodeUrlFilter@a323a5b, org.springframework.security.web.context.request.async.WebAsyncManagerIntegrationFilter@5546e754, org.springframework.security.web.context.SecurityContextHolderFilter@78065fcd, org.springframework.security.web.header.HeaderWriterFilter@3dea226b, org.springframework.web.filter.CorsFilter@ad0bb4e, org.springframework.security.web.authentication.logout.LogoutFilter@5b14f482, com.mouadh.backend.security.JwtFilter@2596d7f4, org.springframework.security.web.savedrequest.RequestCacheAwareFilter@51ed2f68, org.springframework.security.web.servletapi.SecurityContextHolderAwareRequestFilter@538b3c88, org.springframework.security.web.authentication.AnonymousAuthenticationFilter@7196a8f1, org.springframework.security.web.session.SessionManagementFilter@4cb00fa5, org.springframework.security.web.access.ExceptionTranslationFilter@38f617f4, org.springframework.security.web.access.intercept.AuthorizationFilter@5cf0673d]
2026-01-30T00:01:08.836+01:00  INFO 89586 --- [backend] [           main] o.s.b.w.embedded.tomcat.TomcatWebServer  : Tomcat started on port 8080 (http) with context path ''
2026-01-30T00:01:08.841+01:00  INFO 89586 --- [backend] [           main] com.mouadh.backend.BackendApplication    : Started BackendApplication in 2.033 seconds (process running for 2.211)
2026-01-30T00:02:23.190+01:00  INFO 89586 --- [backend] [nio-8080-exec-1] o.a.c.c.C.[Tomcat].[localhost].[/]       : Initializing Spring DispatcherServlet 'dispatcherServlet'
2026-01-30T00:02:23.190+01:00  INFO 89586 --- [backend] [nio-8080-exec-1] o.s.web.servlet.DispatcherServlet        : Initializing Servlet 'dispatcherServlet'
2026-01-30T00:02:23.191+01:00  INFO 89586 --- [backend] [nio-8080-exec-1] o.s.web.servlet.DispatcherServlet        : Completed initialization in 1 ms
